[07-Feb-2018 22:48:56 UTC] PHP Parse error:  syntax error, unexpected ':', expecting ',' or ';' in /home/ubuntu/workspace/mart-cst336/practice/randomColor.php on line 13
[12-Feb-2018 22:33:35 UTC] PHP Warning:  array_push() expects parameter 1 to be array, string given in /home/ubuntu/workspace/mart-cst336/practice/php_arrays.php on line 8
[12-Feb-2018 22:33:35 UTC] PHP Stack trace:
[12-Feb-2018 22:33:35 UTC] PHP   1. {main}() /home/ubuntu/workspace/mart-cst336/practice/php_arrays.php:0
[12-Feb-2018 22:33:35 UTC] PHP   2. array_push() /home/ubuntu/workspace/mart-cst336/practice/php_arrays.php:8
[12-Feb-2018 22:33:51 UTC] PHP Warning:  array_push() expects parameter 1 to be array, string given in /home/ubuntu/workspace/mart-cst336/practice/php_arrays.php on line 8
[12-Feb-2018 22:33:51 UTC] PHP Stack trace:
[12-Feb-2018 22:33:51 UTC] PHP   1. {main}() /home/ubuntu/workspace/mart-cst336/practice/php_arrays.php:0
[12-Feb-2018 22:33:51 UTC] PHP   2. array_push() /home/ubuntu/workspace/mart-cst336/practice/php_arrays.php:8
[30-Apr-2018 03:05:56 UTC] PHP Warning:  include(../../dbConnection.php): failed to open stream: No such file or directory in /home/ubuntu/workspace/mart-cst336/finalproject/loginProcess.php on line 7
[30-Apr-2018 03:05:56 UTC] PHP Stack trace:
[30-Apr-2018 03:05:56 UTC] PHP   1. {main}() /home/ubuntu/workspace/mart-cst336/finalproject/loginProcess.php:0
[30-Apr-2018 03:05:56 UTC] PHP Warning:  include(): Failed opening '../../dbConnection.php' for inclusion (include_path='.:/usr/share/php:/usr/share/pear') in /home/ubuntu/workspace/mart-cst336/finalproject/loginProcess.php on line 7
[30-Apr-2018 03:05:56 UTC] PHP Stack trace:
[30-Apr-2018 03:05:56 UTC] PHP   1. {main}() /home/ubuntu/workspace/mart-cst336/finalproject/loginProcess.php:0
[30-Apr-2018 03:05:56 UTC] PHP Fatal error:  Call to undefined function getDatabaseConnection() in /home/ubuntu/workspace/mart-cst336/finalproject/loginProcess.php on line 9
[30-Apr-2018 03:05:56 UTC] PHP Stack trace:
[30-Apr-2018 03:05:56 UTC] PHP   1. {main}() /home/ubuntu/workspace/mart-cst336/finalproject/loginProcess.php:0
[30-Apr-2018 03:06:40 UTC] PHP Warning:  include(../../dbConnection.php): failed to open stream: No such file or directory in /home/ubuntu/workspace/mart-cst336/finalproject/admin.php on line 8
[30-Apr-2018 03:06:40 UTC] PHP Stack trace:
[30-Apr-2018 03:06:40 UTC] PHP   1. {main}() /home/ubuntu/workspace/mart-cst336/finalproject/admin.php:0
[30-Apr-2018 03:06:40 UTC] PHP Warning:  include(): Failed opening '../../dbConnection.php' for inclusion (include_path='.:/usr/share/php:/usr/share/pear') in /home/ubuntu/workspace/mart-cst336/finalproject/admin.php on line 8
[30-Apr-2018 03:06:40 UTC] PHP Stack trace:
[30-Apr-2018 03:06:40 UTC] PHP   1. {main}() /home/ubuntu/workspace/mart-cst336/finalproject/admin.php:0
[30-Apr-2018 03:06:40 UTC] PHP Fatal error:  Call to undefined function getDatabaseConnection() in /home/ubuntu/workspace/mart-cst336/finalproject/admin.php on line 9
[30-Apr-2018 03:06:40 UTC] PHP Stack trace:
[30-Apr-2018 03:06:40 UTC] PHP   1. {main}() /home/ubuntu/workspace/mart-cst336/finalproject/admin.php:0
[30-Apr-2018 03:07:40 UTC] PHP Fatal error:  Uncaught exception 'PDOException' with message 'SQLSTATE[42S02]: Base table or view not found: 1146 Table 'otterstyle.om_product' doesn't exist' in /home/ubuntu/workspace/mart-cst336/finalproject/admin.php:15
Stack trace:
#0 /home/ubuntu/workspace/mart-cst336/finalproject/admin.php(15): PDOStatement->execute()
#1 /home/ubuntu/workspace/mart-cst336/finalproject/admin.php(70): displayAllProducts()
#2 {main}
  thrown in /home/ubuntu/workspace/mart-cst336/finalproject/admin.php on line 15
[30-Apr-2018 03:10:33 UTC] PHP Fatal error:  Uncaught exception 'PDOException' with message 'SQLSTATE[42S02]: Base table or view not found: 1146 Table 'otterstyle.om_product' doesn't exist' in /home/ubuntu/workspace/mart-cst336/finalproject/admin.php:15
Stack trace:
#0 /home/ubuntu/workspace/mart-cst336/finalproject/admin.php(15): PDOStatement->execute()
#1 /home/ubuntu/workspace/mart-cst336/finalproject/admin.php(70): displayAllProducts()
#2 {main}
  thrown in /home/ubuntu/workspace/mart-cst336/finalproject/admin.php on line 15
[30-Apr-2018 03:13:56 UTC] PHP Fatal error:  Uncaught exception 'PDOException' with message 'SQLSTATE[42S02]: Base table or view not found: 1146 Table 'otterstyle.om_product' doesn't exist' in /home/ubuntu/workspace/mart-cst336/finalproject/admin.php:15
Stack trace:
#0 /home/ubuntu/workspace/mart-cst336/finalproject/admin.php(15): PDOStatement->execute()
#1 /home/ubuntu/workspace/mart-cst336/finalproject/admin.php(70): displayAllProducts()
#2 {main}
  thrown in /home/ubuntu/workspace/mart-cst336/finalproject/admin.php on line 15
[30-Apr-2018 04:26:04 UTC] PHP Fatal error:  Uncaught exception 'PDOException' with message 'SQLSTATE[42S02]: Base table or view not found: 1146 Table 'ottermart.category' doesn't exist' in /home/ubuntu/workspace/mart-cst336/finalproject/addProduct.php:16
Stack trace:
#0 /home/ubuntu/workspace/mart-cst336/finalproject/addProduct.php(16): PDOStatement->execute()
#1 /home/ubuntu/workspace/mart-cst336/finalproject/addProduct.php(63): getCategories()
#2 {main}
  thrown in /home/ubuntu/workspace/mart-cst336/finalproject/addProduct.php on line 16
[30-Apr-2018 04:27:27 UTC] PHP Fatal error:  Uncaught exception 'PDOException' with message 'SQLSTATE[42S02]: Base table or view not found: 1146 Table 'ottermart.category' doesn't exist' in /home/ubuntu/workspace/mart-cst336/finalproject/addProduct.php:16
Stack trace:
#0 /home/ubuntu/workspace/mart-cst336/finalproject/addProduct.php(16): PDOStatement->execute()
#1 /home/ubuntu/workspace/mart-cst336/finalproject/addProduct.php(63): getCategories()
#2 {main}
  thrown in /home/ubuntu/workspace/mart-cst336/finalproject/addProduct.php on line 16
[30-Apr-2018 05:27:41 UTC] PHP Fatal error:  Uncaught exception 'PDOException' with message 'SQLSTATE[HY093]: Invalid parameter number: parameter was not defined' in /home/ubuntu/workspace/mart-cst336/finalproject/updateProduct.php:56
Stack trace:
#0 /home/ubuntu/workspace/mart-cst336/finalproject/updateProduct.php(56): PDOStatement->execute(Array)
#1 {main}
  thrown in /home/ubuntu/workspace/mart-cst336/finalproject/updateProduct.php on line 56
[30-Apr-2018 05:33:27 UTC] PHP Fatal error:  Uncaught exception 'PDOException' with message 'SQLSTATE[42S22]: Column not found: 1054 Unknown column 'price' in 'field list'' in /home/ubuntu/workspace/mart-cst336/finalproject/updateProduct.php:56
Stack trace:
#0 /home/ubuntu/workspace/mart-cst336/finalproject/updateProduct.php(56): PDOStatement->execute(Array)
#1 {main}
  thrown in /home/ubuntu/workspace/mart-cst336/finalproject/updateProduct.php on line 56
[30-Apr-2018 05:35:06 UTC] PHP Fatal error:  Uncaught exception 'PDOException' with message 'SQLSTATE[42S22]: Column not found: 1054 Unknown column 'price' in 'field list'' in /home/ubuntu/workspace/mart-cst336/finalproject/updateProduct.php:56
Stack trace:
#0 /home/ubuntu/workspace/mart-cst336/finalproject/updateProduct.php(56): PDOStatement->execute(Array)
#1 {main}
  thrown in /home/ubuntu/workspace/mart-cst336/finalproject/updateProduct.php on line 56
[30-Apr-2018 05:51:37 UTC] PHP Warning:  include(../../dbConnection.php): failed to open stream: No such file or directory in /home/ubuntu/workspace/mart-cst336/finalproject/updateProduct.php on line 2
[30-Apr-2018 05:51:37 UTC] PHP Stack trace:
[30-Apr-2018 05:51:37 UTC] PHP   1. {main}() /home/ubuntu/workspace/mart-cst336/finalproject/updateProduct.php:0
[30-Apr-2018 05:51:37 UTC] PHP Warning:  include(): Failed opening '../../dbConnection.php' for inclusion (include_path='.:/usr/share/php:/usr/share/pear') in /home/ubuntu/workspace/mart-cst336/finalproject/updateProduct.php on line 2
[30-Apr-2018 05:51:37 UTC] PHP Stack trace:
[30-Apr-2018 05:51:37 UTC] PHP   1. {main}() /home/ubuntu/workspace/mart-cst336/finalproject/updateProduct.php:0
[30-Apr-2018 05:51:37 UTC] PHP Fatal error:  Call to undefined function getDatabaseConnection() in /home/ubuntu/workspace/mart-cst336/finalproject/updateProduct.php on line 4
[30-Apr-2018 05:51:37 UTC] PHP Stack trace:
[30-Apr-2018 05:51:37 UTC] PHP   1. {main}() /home/ubuntu/workspace/mart-cst336/finalproject/updateProduct.php:0
[30-Apr-2018 05:52:57 UTC] PHP Warning:  include(../../dbConnection.php): failed to open stream: No such file or directory in /home/ubuntu/workspace/mart-cst336/finalproject/updateProduct.php on line 2
[30-Apr-2018 05:52:57 UTC] PHP Stack trace:
[30-Apr-2018 05:52:57 UTC] PHP   1. {main}() /home/ubuntu/workspace/mart-cst336/finalproject/updateProduct.php:0
[30-Apr-2018 05:52:57 UTC] PHP Warning:  include(): Failed opening '../../dbConnection.php' for inclusion (include_path='.:/usr/share/php:/usr/share/pear') in /home/ubuntu/workspace/mart-cst336/finalproject/updateProduct.php on line 2
[30-Apr-2018 05:52:57 UTC] PHP Stack trace:
[30-Apr-2018 05:52:57 UTC] PHP   1. {main}() /home/ubuntu/workspace/mart-cst336/finalproject/updateProduct.php:0
[30-Apr-2018 05:52:57 UTC] PHP Fatal error:  Call to undefined function getDatabaseConnection() in /home/ubuntu/workspace/mart-cst336/finalproject/updateProduct.php on line 4
[30-Apr-2018 05:52:57 UTC] PHP Stack trace:
[30-Apr-2018 05:52:57 UTC] PHP   1. {main}() /home/ubuntu/workspace/mart-cst336/finalproject/updateProduct.php:0
[30-Apr-2018 05:53:09 UTC] PHP Warning:  include(../../dbConnection.php): failed to open stream: No such file or directory in /home/ubuntu/workspace/mart-cst336/finalproject/updateProduct.php on line 2
[30-Apr-2018 05:53:09 UTC] PHP Stack trace:
[30-Apr-2018 05:53:09 UTC] PHP   1. {main}() /home/ubuntu/workspace/mart-cst336/finalproject/updateProduct.php:0
[30-Apr-2018 05:53:09 UTC] PHP Warning:  include(): Failed opening '../../dbConnection.php' for inclusion (include_path='.:/usr/share/php:/usr/share/pear') in /home/ubuntu/workspace/mart-cst336/finalproject/updateProduct.php on line 2
[30-Apr-2018 05:53:09 UTC] PHP Stack trace:
[30-Apr-2018 05:53:09 UTC] PHP   1. {main}() /home/ubuntu/workspace/mart-cst336/finalproject/updateProduct.php:0
[30-Apr-2018 05:53:09 UTC] PHP Fatal error:  Call to undefined function getDatabaseConnection() in /home/ubuntu/workspace/mart-cst336/finalproject/updateProduct.php on line 4
[30-Apr-2018 05:53:09 UTC] PHP Stack trace:
[30-Apr-2018 05:53:09 UTC] PHP   1. {main}() /home/ubuntu/workspace/mart-cst336/finalproject/updateProduct.php:0
[30-Apr-2018 05:56:51 UTC] PHP Fatal error:  Uncaught exception 'PDOException' with message 'SQLSTATE[42S22]: Column not found: 1054 Unknown column 'description' in 'field list'' in /home/ubuntu/workspace/mart-cst336/finalproject/updateProduct.php:56
Stack trace:
#0 /home/ubuntu/workspace/mart-cst336/finalproject/updateProduct.php(56): PDOStatement->execute(Array)
#1 {main}
  thrown in /home/ubuntu/workspace/mart-cst336/finalproject/updateProduct.php on line 56
[30-Apr-2018 05:57:29 UTC] PHP Fatal error:  Uncaught exception 'PDOException' with message 'SQLSTATE[42S22]: Column not found: 1054 Unknown column 'description' in 'field list'' in /home/ubuntu/workspace/mart-cst336/finalproject/updateProduct.php:56
Stack trace:
#0 /home/ubuntu/workspace/mart-cst336/finalproject/updateProduct.php(56): PDOStatement->execute(Array)
#1 {main}
  thrown in /home/ubuntu/workspace/mart-cst336/finalproject/updateProduct.php on line 56
[30-Apr-2018 05:58:10 UTC] PHP Fatal error:  Uncaught exception 'PDOException' with message 'SQLSTATE[42S22]: Column not found: 1054 Unknown column 'description' in 'field list'' in /home/ubuntu/workspace/mart-cst336/finalproject/updateProduct.php:56
Stack trace:
#0 /home/ubuntu/workspace/mart-cst336/finalproject/updateProduct.php(56): PDOStatement->execute(Array)
#1 {main}
  thrown in /home/ubuntu/workspace/mart-cst336/finalproject/updateProduct.php on line 56
[30-Apr-2018 05:58:51 UTC] PHP Fatal error:  Uncaught exception 'PDOException' with message 'SQLSTATE[42S22]: Column not found: 1054 Unknown column 'description' in 'field list'' in /home/ubuntu/workspace/mart-cst336/finalproject/updateProduct.php:56
Stack trace:
#0 /home/ubuntu/workspace/mart-cst336/finalproject/updateProduct.php(56): PDOStatement->execute(Array)
#1 {main}
  thrown in /home/ubuntu/workspace/mart-cst336/finalproject/updateProduct.php on line 56
[30-Apr-2018 06:22:00 UTC] PHP Fatal error:  Uncaught exception 'PDOException' with message 'SQLSTATE[23000]: Integrity constraint violation: 1048 Column 'productPrice' cannot be null' in /home/ubuntu/workspace/mart-cst336/finalproject/addProduct.php:41
Stack trace:
#0 /home/ubuntu/workspace/mart-cst336/finalproject/addProduct.php(41): PDOStatement->execute(Array)
#1 {main}
  thrown in /home/ubuntu/workspace/mart-cst336/finalproject/addProduct.php on line 41
[30-Apr-2018 06:27:34 UTC] PHP Fatal error:  Uncaught exception 'PDOException' with message 'SQLSTATE[23000]: Integrity constraint violation: 1048 Column 'productPrice' cannot be null' in /home/ubuntu/workspace/mart-cst336/finalproject/addProduct.php:41
Stack trace:
#0 /home/ubuntu/workspace/mart-cst336/finalproject/addProduct.php(41): PDOStatement->execute(Array)
#1 {main}
  thrown in /home/ubuntu/workspace/mart-cst336/finalproject/addProduct.php on line 41
[30-Apr-2018 21:37:54 UTC] PHP Fatal error:  Uncaught exception 'PDOException' with message 'SQLSTATE[23000]: Integrity constraint violation: 1048 Column 'productDescription' cannot be null' in /home/ubuntu/workspace/mart-cst336/finalproject/addProduct.php:41
Stack trace:
#0 /home/ubuntu/workspace/mart-cst336/finalproject/addProduct.php(41): PDOStatement->execute(Array)
#1 {main}
  thrown in /home/ubuntu/workspace/mart-cst336/finalproject/addProduct.php on line 41
[30-Apr-2018 21:39:39 UTC] PHP Fatal error:  Uncaught exception 'PDOException' with message 'SQLSTATE[23000]: Integrity constraint violation: 1048 Column 'productPrice' cannot be null' in /home/ubuntu/workspace/mart-cst336/finalproject/addProduct.php:41
Stack trace:
#0 /home/ubuntu/workspace/mart-cst336/finalproject/addProduct.php(41): PDOStatement->execute(Array)
#1 {main}
  thrown in /home/ubuntu/workspace/mart-cst336/finalproject/addProduct.php on line 41
[01-May-2018 01:25:14 UTC] PHP Warning:  include(functions.php): failed to open stream: No such file or directory in /home/ubuntu/workspace/mart-cst336/finalproject/cart.php on line 2
[01-May-2018 01:25:14 UTC] PHP Stack trace:
[01-May-2018 01:25:14 UTC] PHP   1. {main}() /home/ubuntu/workspace/mart-cst336/finalproject/cart.php:0
[01-May-2018 01:25:14 UTC] PHP Warning:  include(): Failed opening 'functions.php' for inclusion (include_path='.:/usr/share/php:/usr/share/pear') in /home/ubuntu/workspace/mart-cst336/finalproject/cart.php on line 2
[01-May-2018 01:25:14 UTC] PHP Stack trace:
[01-May-2018 01:25:14 UTC] PHP   1. {main}() /home/ubuntu/workspace/mart-cst336/finalproject/cart.php:0
[01-May-2018 01:25:14 UTC] PHP Fatal error:  Call to undefined function displayCartCount() in /home/ubuntu/workspace/mart-cst336/finalproject/cart.php on line 65
[01-May-2018 01:25:14 UTC] PHP Stack trace:
[01-May-2018 01:25:14 UTC] PHP   1. {main}() /home/ubuntu/workspace/mart-cst336/finalproject/cart.php:0
[01-May-2018 01:28:27 UTC] PHP Fatal error:  Call to a member function prepare() on a non-object in /home/ubuntu/workspace/mart-cst336/finalproject/updateProduct.php on line 28
[01-May-2018 01:28:27 UTC] PHP Stack trace:
[01-May-2018 01:28:27 UTC] PHP   1. {main}() /home/ubuntu/workspace/mart-cst336/finalproject/updateProduct.php:0
[01-May-2018 01:28:27 UTC] PHP   2. getProductInfo() /home/ubuntu/workspace/mart-cst336/finalproject/updateProduct.php:64
[01-May-2018 01:29:57 UTC] PHP Fatal error:  Call to a member function prepare() on a non-object in /home/ubuntu/workspace/mart-cst336/finalproject/updateProduct.php on line 28
[01-May-2018 01:29:57 UTC] PHP Stack trace:
[01-May-2018 01:29:57 UTC] PHP   1. {main}() /home/ubuntu/workspace/mart-cst336/finalproject/updateProduct.php:0
[01-May-2018 01:29:57 UTC] PHP   2. getProductInfo() /home/ubuntu/workspace/mart-cst336/finalproject/updateProduct.php:64
[01-May-2018 01:30:00 UTC] PHP Fatal error:  Call to a member function prepare() on a non-object in /home/ubuntu/workspace/mart-cst336/finalproject/updateProduct.php on line 28
[01-May-2018 01:30:00 UTC] PHP Stack trace:
[01-May-2018 01:30:00 UTC] PHP   1. {main}() /home/ubuntu/workspace/mart-cst336/finalproject/updateProduct.php:0
[01-May-2018 01:30:00 UTC] PHP   2. getProductInfo() /home/ubuntu/workspace/mart-cst336/finalproject/updateProduct.php:64
[01-May-2018 01:32:49 UTC] PHP Fatal error:  Call to a member function prepare() on a non-object in /home/ubuntu/workspace/mart-cst336/finalproject/updateProduct.php on line 28
[01-May-2018 01:32:49 UTC] PHP Stack trace:
[01-May-2018 01:32:49 UTC] PHP   1. {main}() /home/ubuntu/workspace/mart-cst336/finalproject/updateProduct.php:0
[01-May-2018 01:32:49 UTC] PHP   2. getProductInfo() /home/ubuntu/workspace/mart-cst336/finalproject/updateProduct.php:64
[01-May-2018 01:33:49 UTC] PHP Fatal error:  Call to a member function prepare() on a non-object in /home/ubuntu/workspace/mart-cst336/finalproject/updateProduct.php on line 28
[01-May-2018 01:33:49 UTC] PHP Stack trace:
[01-May-2018 01:33:49 UTC] PHP   1. {main}() /home/ubuntu/workspace/mart-cst336/finalproject/updateProduct.php:0
[01-May-2018 01:33:49 UTC] PHP   2. getProductInfo() /home/ubuntu/workspace/mart-cst336/finalproject/updateProduct.php:64
[01-May-2018 01:34:07 UTC] PHP Warning:  include(../../dbConnection.php): failed to open stream: No such file or directory in /home/ubuntu/workspace/mart-cst336/finalproject/updateProduct.php on line 2
[01-May-2018 01:34:07 UTC] PHP Stack trace:
[01-May-2018 01:34:07 UTC] PHP   1. {main}() /home/ubuntu/workspace/mart-cst336/finalproject/updateProduct.php:0
[01-May-2018 01:34:07 UTC] PHP Warning:  include(): Failed opening '../../dbConnection.php' for inclusion (include_path='.:/usr/share/php:/usr/share/pear') in /home/ubuntu/workspace/mart-cst336/finalproject/updateProduct.php on line 2
[01-May-2018 01:34:07 UTC] PHP Stack trace:
[01-May-2018 01:34:07 UTC] PHP   1. {main}() /home/ubuntu/workspace/mart-cst336/finalproject/updateProduct.php:0
[01-May-2018 01:34:07 UTC] PHP Fatal error:  Call to undefined function getDatabaseConnection() in /home/ubuntu/workspace/mart-cst336/finalproject/updateProduct.php on line 4
[01-May-2018 01:34:07 UTC] PHP Stack trace:
[01-May-2018 01:34:07 UTC] PHP   1. {main}() /home/ubuntu/workspace/mart-cst336/finalproject/updateProduct.php:0
[01-May-2018 01:34:16 UTC] PHP Fatal error:  Call to a member function prepare() on a non-object in /home/ubuntu/workspace/mart-cst336/finalproject/updateProduct.php on line 28
[01-May-2018 01:34:16 UTC] PHP Stack trace:
[01-May-2018 01:34:16 UTC] PHP   1. {main}() /home/ubuntu/workspace/mart-cst336/finalproject/updateProduct.php:0
[01-May-2018 01:34:16 UTC] PHP   2. getProductInfo() /home/ubuntu/workspace/mart-cst336/finalproject/updateProduct.php:64
[01-May-2018 01:35:20 UTC] PHP Fatal error:  Call to a member function prepare() on a non-object in /home/ubuntu/workspace/mart-cst336/finalproject/updateProduct.php on line 28
[01-May-2018 01:35:20 UTC] PHP Stack trace:
[01-May-2018 01:35:20 UTC] PHP   1. {main}() /home/ubuntu/workspace/mart-cst336/finalproject/updateProduct.php:0
[01-May-2018 01:35:20 UTC] PHP   2. getProductInfo() /home/ubuntu/workspace/mart-cst336/finalproject/updateProduct.php:64
[01-May-2018 01:36:43 UTC] PHP Fatal error:  Call to a member function prepare() on a non-object in /home/ubuntu/workspace/mart-cst336/finalproject/updateProduct.php on line 11
[01-May-2018 01:36:43 UTC] PHP Stack trace:
[01-May-2018 01:36:43 UTC] PHP   1. {main}() /home/ubuntu/workspace/mart-cst336/finalproject/updateProduct.php:0
[01-May-2018 01:36:43 UTC] PHP   2. getCategories() /home/ubuntu/workspace/mart-cst336/finalproject/updateProduct.php:94
[01-May-2018 01:37:31 UTC] PHP Fatal error:  Call to a member function prepare() on a non-object in /home/ubuntu/workspace/mart-cst336/finalproject/updateProduct.php on line 11
[01-May-2018 01:37:31 UTC] PHP Stack trace:
[01-May-2018 01:37:31 UTC] PHP   1. {main}() /home/ubuntu/workspace/mart-cst336/finalproject/updateProduct.php:0
[01-May-2018 01:37:31 UTC] PHP   2. getCategories() /home/ubuntu/workspace/mart-cst336/finalproject/updateProduct.php:94
[01-May-2018 01:39:40 UTC] PHP Fatal error:  Uncaught exception 'PDOException' with message 'SQLSTATE[42S02]: Base table or view not found: 1146 Table 'otterstyle.om_product' doesn't exist' in /home/ubuntu/workspace/mart-cst336/finalproject/updateProduct.php:56
Stack trace:
#0 /home/ubuntu/workspace/mart-cst336/finalproject/updateProduct.php(56): PDOStatement->execute(Array)
#1 {main}
  thrown in /home/ubuntu/workspace/mart-cst336/finalproject/updateProduct.php on line 56
[01-May-2018 01:43:12 UTC] PHP Fatal error:  Uncaught exception 'PDOException' with message 'SQLSTATE[42S22]: Column not found: 1054 Unknown column 'price' in 'field list'' in /home/ubuntu/workspace/mart-cst336/finalproject/updateProduct.php:56
Stack trace:
#0 /home/ubuntu/workspace/mart-cst336/finalproject/updateProduct.php(56): PDOStatement->execute(Array)
#1 {main}
  thrown in /home/ubuntu/workspace/mart-cst336/finalproject/updateProduct.php on line 56
[01-May-2018 07:43:00 UTC] PHP Warning:  include(../../dbConnection.php): failed to open stream: No such file or directory in /home/ubuntu/workspace/mart-cst336/finalproject/checkUsernameAPI.php on line 3
[01-May-2018 07:43:00 UTC] PHP Stack trace:
[01-May-2018 07:43:00 UTC] PHP   1. {main}() /home/ubuntu/workspace/mart-cst336/finalproject/checkUsernameAPI.php:0
[01-May-2018 07:43:00 UTC] PHP Warning:  include(): Failed opening '../../dbConnection.php' for inclusion (include_path='.:/usr/share/php:/usr/share/pear') in /home/ubuntu/workspace/mart-cst336/finalproject/checkUsernameAPI.php on line 3
[01-May-2018 07:43:00 UTC] PHP Stack trace:
[01-May-2018 07:43:00 UTC] PHP   1. {main}() /home/ubuntu/workspace/mart-cst336/finalproject/checkUsernameAPI.php:0
[01-May-2018 07:43:00 UTC] PHP Fatal error:  Call to undefined function getDatabaseConnection() in /home/ubuntu/workspace/mart-cst336/finalproject/checkUsernameAPI.php on line 5
[01-May-2018 07:43:00 UTC] PHP Stack trace:
[01-May-2018 07:43:00 UTC] PHP   1. {main}() /home/ubuntu/workspace/mart-cst336/finalproject/checkUsernameAPI.php:0
[01-May-2018 07:43:09 UTC] PHP Warning:  include(../../dbConnection.php): failed to open stream: No such file or directory in /home/ubuntu/workspace/mart-cst336/finalproject/checkUsernameAPI.php on line 3
[01-May-2018 07:43:09 UTC] PHP Stack trace:
[01-May-2018 07:43:09 UTC] PHP   1. {main}() /home/ubuntu/workspace/mart-cst336/finalproject/checkUsernameAPI.php:0
[01-May-2018 07:43:09 UTC] PHP Warning:  include(): Failed opening '../../dbConnection.php' for inclusion (include_path='.:/usr/share/php:/usr/share/pear') in /home/ubuntu/workspace/mart-cst336/finalproject/checkUsernameAPI.php on line 3
[01-May-2018 07:43:09 UTC] PHP Stack trace:
[01-May-2018 07:43:09 UTC] PHP   1. {main}() /home/ubuntu/workspace/mart-cst336/finalproject/checkUsernameAPI.php:0
[01-May-2018 07:43:09 UTC] PHP Fatal error:  Call to undefined function getDatabaseConnection() in /home/ubuntu/workspace/mart-cst336/finalproject/checkUsernameAPI.php on line 5
[01-May-2018 07:43:09 UTC] PHP Stack trace:
[01-May-2018 07:43:09 UTC] PHP   1. {main}() /home/ubuntu/workspace/mart-cst336/finalproject/checkUsernameAPI.php:0
[01-May-2018 07:47:26 UTC] PHP Warning:  include(../../dbConnection.php): failed to open stream: No such file or directory in /home/ubuntu/workspace/mart-cst336/finalproject/checkUsernameAPI.php on line 3
[01-May-2018 07:47:26 UTC] PHP Stack trace:
[01-May-2018 07:47:26 UTC] PHP   1. {main}() /home/ubuntu/workspace/mart-cst336/finalproject/checkUsernameAPI.php:0
[01-May-2018 07:47:26 UTC] PHP Warning:  include(): Failed opening '../../dbConnection.php' for inclusion (include_path='.:/usr/share/php:/usr/share/pear') in /home/ubuntu/workspace/mart-cst336/finalproject/checkUsernameAPI.php on line 3
[01-May-2018 07:47:26 UTC] PHP Stack trace:
[01-May-2018 07:47:26 UTC] PHP   1. {main}() /home/ubuntu/workspace/mart-cst336/finalproject/checkUsernameAPI.php:0
[01-May-2018 07:47:26 UTC] PHP Fatal error:  Call to undefined function getDatabaseConnection() in /home/ubuntu/workspace/mart-cst336/finalproject/checkUsernameAPI.php on line 5
[01-May-2018 07:47:26 UTC] PHP Stack trace:
[01-May-2018 07:47:26 UTC] PHP   1. {main}() /home/ubuntu/workspace/mart-cst336/finalproject/checkUsernameAPI.php:0
[02-May-2018 01:57:18 UTC] PHP Fatal error:  Call to undefined function Avgprice() in /home/ubuntu/workspace/mart-cst336/finalproject/admin.php on line 106
[02-May-2018 01:57:18 UTC] PHP Stack trace:
[02-May-2018 01:57:18 UTC] PHP   1. {main}() /home/ubuntu/workspace/mart-cst336/finalproject/admin.php:0
[02-May-2018 01:58:13 UTC] PHP Fatal error:  Call to undefined function Avgprice() in /home/ubuntu/workspace/mart-cst336/finalproject/admin.php on line 106
[02-May-2018 01:58:13 UTC] PHP Stack trace:
[02-May-2018 01:58:13 UTC] PHP   1. {main}() /home/ubuntu/workspace/mart-cst336/finalproject/admin.php:0
[02-May-2018 01:58:19 UTC] PHP Fatal error:  Call to undefined function Avgprice() in /home/ubuntu/workspace/mart-cst336/finalproject/admin.php on line 106
[02-May-2018 01:58:19 UTC] PHP Stack trace:
[02-May-2018 01:58:19 UTC] PHP   1. {main}() /home/ubuntu/workspace/mart-cst336/finalproject/admin.php:0
[02-May-2018 01:59:05 UTC] PHP Fatal error:  Call to undefined function Avgprice() in /home/ubuntu/workspace/mart-cst336/finalproject/admin.php on line 106
[02-May-2018 01:59:05 UTC] PHP Stack trace:
[02-May-2018 01:59:05 UTC] PHP   1. {main}() /home/ubuntu/workspace/mart-cst336/finalproject/admin.php:0
[02-May-2018 02:01:54 UTC] PHP Fatal error:  Call to undefined function Avgprice() in /home/ubuntu/workspace/mart-cst336/finalproject/admin.php on line 106
[02-May-2018 02:01:54 UTC] PHP Stack trace:
[02-May-2018 02:01:54 UTC] PHP   1. {main}() /home/ubuntu/workspace/mart-cst336/finalproject/admin.php:0
[02-May-2018 02:16:12 UTC] PHP Parse error:  syntax error, unexpected end of file in /home/ubuntu/workspace/mart-cst336/finalproject/admin.php on line 121
[02-May-2018 02:26:07 UTC] PHP Fatal error:  Call to undefined function Avgprice() in /home/ubuntu/workspace/mart-cst336/finalproject/admin.php on line 110
[02-May-2018 02:26:07 UTC] PHP Stack trace:
[02-May-2018 02:26:07 UTC] PHP   1. {main}() /home/ubuntu/workspace/mart-cst336/finalproject/admin.php:0
[02-May-2018 02:26:29 UTC] PHP Fatal error:  Call to undefined function Avgprice() in /home/ubuntu/workspace/mart-cst336/finalproject/admin.php on line 110
[02-May-2018 02:26:29 UTC] PHP Stack trace:
[02-May-2018 02:26:29 UTC] PHP   1. {main}() /home/ubuntu/workspace/mart-cst336/finalproject/admin.php:0
[02-May-2018 02:27:29 UTC] PHP Fatal error:  Call to undefined function Avgprice() in /home/ubuntu/workspace/mart-cst336/finalproject/admin.php on line 110
[02-May-2018 02:27:29 UTC] PHP Stack trace:
[02-May-2018 02:27:29 UTC] PHP   1. {main}() /home/ubuntu/workspace/mart-cst336/finalproject/admin.php:0
[02-May-2018 02:28:38 UTC] PHP Parse error:  syntax error, unexpected end of file in /home/ubuntu/workspace/mart-cst336/finalproject/admin.php on line 122
[03-May-2018 02:23:48 UTC] PHP Fatal error:  Uncaught exception 'PDOException' with message 'SQLSTATE[23000]: Integrity constraint violation: 1048 Column 'productColor' cannot be null' in /home/ubuntu/workspace/mart-cst336/finalproject/addProduct.php:48
Stack trace:
#0 /home/ubuntu/workspace/mart-cst336/finalproject/addProduct.php(48): PDOStatement->execute(Array)
#1 {main}
  thrown in /home/ubuntu/workspace/mart-cst336/finalproject/addProduct.php on line 48
[03-May-2018 02:28:50 UTC] PHP Fatal error:  Uncaught exception 'PDOException' with message 'SQLSTATE[23000]: Integrity constraint violation: 1048 Column 'productColor' cannot be null' in /home/ubuntu/workspace/mart-cst336/finalproject/addProduct.php:48
Stack trace:
#0 /home/ubuntu/workspace/mart-cst336/finalproject/addProduct.php(48): PDOStatement->execute(Array)
#1 {main}
  thrown in /home/ubuntu/workspace/mart-cst336/finalproject/addProduct.php on line 48
[03-May-2018 02:29:08 UTC] PHP Fatal error:  Uncaught exception 'PDOException' with message 'SQLSTATE[23000]: Integrity constraint violation: 1048 Column 'productColor' cannot be null' in /home/ubuntu/workspace/mart-cst336/finalproject/addProduct.php:48
Stack trace:
#0 /home/ubuntu/workspace/mart-cst336/finalproject/addProduct.php(48): PDOStatement->execute(Array)
#1 {main}
  thrown in /home/ubuntu/workspace/mart-cst336/finalproject/addProduct.php on line 48
[03-May-2018 02:30:20 UTC] PHP Fatal error:  Uncaught exception 'PDOException' with message 'SQLSTATE[23000]: Integrity constraint violation: 1048 Column 'productColor' cannot be null' in /home/ubuntu/workspace/mart-cst336/finalproject/addProduct.php:48
Stack trace:
#0 /home/ubuntu/workspace/mart-cst336/finalproject/addProduct.php(48): PDOStatement->execute(Array)
#1 {main}
  thrown in /home/ubuntu/workspace/mart-cst336/finalproject/addProduct.php on line 48
[03-May-2018 02:31:40 UTC] PHP Fatal error:  Uncaught exception 'PDOException' with message 'SQLSTATE[23000]: Integrity constraint violation: 1048 Column 'productColor' cannot be null' in /home/ubuntu/workspace/mart-cst336/finalproject/addProduct.php:49
Stack trace:
#0 /home/ubuntu/workspace/mart-cst336/finalproject/addProduct.php(49): PDOStatement->execute(Array)
#1 {main}
  thrown in /home/ubuntu/workspace/mart-cst336/finalproject/addProduct.php on line 49
[03-May-2018 02:41:13 UTC] PHP Fatal error:  Uncaught exception 'PDOException' with message 'SQLSTATE[23000]: Integrity constraint violation: 1048 Column 'brandId' cannot be null' in /home/ubuntu/workspace/mart-cst336/finalproject/addProduct.php:69
Stack trace:
#0 /home/ubuntu/workspace/mart-cst336/finalproject/addProduct.php(69): PDOStatement->execute(Array)
#1 {main}
  thrown in /home/ubuntu/workspace/mart-cst336/finalproject/addProduct.php on line 69
[03-May-2018 02:43:36 UTC] PHP Fatal error:  Uncaught exception 'PDOException' with message 'SQLSTATE[23000]: Integrity constraint violation: 1048 Column 'brandId' cannot be null' in /home/ubuntu/workspace/mart-cst336/finalproject/addProduct.php:69
Stack trace:
#0 /home/ubuntu/workspace/mart-cst336/finalproject/addProduct.php(69): PDOStatement->execute(Array)
#1 {main}
  thrown in /home/ubuntu/workspace/mart-cst336/finalproject/addProduct.php on line 69
[03-May-2018 02:46:18 UTC] PHP Fatal error:  Uncaught exception 'PDOException' with message 'SQLSTATE[23000]: Integrity constraint violation: 1048 Column 'brandId' cannot be null' in /home/ubuntu/workspace/mart-cst336/finalproject/addProduct.php:69
Stack trace:
#0 /home/ubuntu/workspace/mart-cst336/finalproject/addProduct.php(69): PDOStatement->execute(Array)
#1 {main}
  thrown in /home/ubuntu/workspace/mart-cst336/finalproject/addProduct.php on line 69
