[12-Feb-2018 08:41:58 UTC] PHP Parse error:  syntax error, unexpected '}', expecting ',' or ';' in /home/ubuntu/workspace/mart-cst336/lab/lab2/index.php on line 69
[12-Feb-2018 08:57:49 UTC] PHP Fatal error:  Call to undefined function ucfiest() in /home/ubuntu/workspace/mart-cst336/lab/lab2/index.php on line 36
[12-Feb-2018 08:57:49 UTC] PHP Stack trace:
[12-Feb-2018 08:57:49 UTC] PHP   1. {main}() /home/ubuntu/workspace/mart-cst336/lab/lab2/index.php:0
[12-Feb-2018 08:57:49 UTC] PHP   2. displaySymbol() /home/ubuntu/workspace/mart-cst336/lab/lab2/index.php:43
[12-Feb-2018 08:58:15 UTC] PHP Fatal error:  Allowed memory size of 134217728 bytes exhausted (tried to allocate 32 bytes) in /home/ubuntu/workspace/mart-cst336/lab/lab2/index.php on line 74
[12-Feb-2018 08:58:15 UTC] PHP Stack trace:
[12-Feb-2018 08:58:15 UTC] PHP   1. {main}() /home/ubuntu/workspace/mart-cst336/lab/lab2/index.php:0
[12-Feb-2018 08:58:15 UTC] PHP   2. displaySymbol() /home/ubuntu/workspace/mart-cst336/lab/lab2/index.php:43
[12-Feb-2018 08:58:15 UTC] PHP   3. displaypoints() /home/ubuntu/workspace/mart-cst336/lab/lab2/index.php:37
[02-Mar-2018 00:41:05 UTC] PHP Parse error:  syntax error, unexpected 'if' (T_IF), expecting '(' in /home/ubuntu/workspace/mart-cst336/lab/lab4/index.php on line 12
[14-Mar-2018 22:15:43 UTC] PHP Parse error:  syntax error, unexpected end of file in /home/ubuntu/workspace/mart-cst336/lab/lab6/index.php on line 139
[31-Mar-2018 07:03:04 UTC] PHP Warning:  include(../../../dbConnection.php): failed to open stream: No such file or directory in /home/ubuntu/workspace/mart-cst336/lab/lab6/index.php on line 4
[31-Mar-2018 07:03:04 UTC] PHP Stack trace:
[31-Mar-2018 07:03:04 UTC] PHP   1. {main}() /home/ubuntu/workspace/mart-cst336/lab/lab6/index.php:0
[31-Mar-2018 07:03:04 UTC] PHP Warning:  include(): Failed opening '../../../dbConnection.php' for inclusion (include_path='.:/usr/share/php:/usr/share/pear') in /home/ubuntu/workspace/mart-cst336/lab/lab6/index.php on line 4
[31-Mar-2018 07:03:04 UTC] PHP Stack trace:
[31-Mar-2018 07:03:04 UTC] PHP   1. {main}() /home/ubuntu/workspace/mart-cst336/lab/lab6/index.php:0
[31-Mar-2018 07:03:04 UTC] PHP Fatal error:  Call to undefined function getDatabaseConnection() in /home/ubuntu/workspace/mart-cst336/lab/lab6/index.php on line 6
[31-Mar-2018 07:03:04 UTC] PHP Stack trace:
[31-Mar-2018 07:03:04 UTC] PHP   1. {main}() /home/ubuntu/workspace/mart-cst336/lab/lab6/index.php:0
